<?xml version="1.0" encoding="UTF-8"?>
<!-- Generated by org.testng.reporters.JUnitXMLReporter -->
<testsuite ignored="0" hostname="DESKTOP-QCVUE6B" failures="4" tests="5" name="ChromeTest" time="29.107" errors="0" timestamp="2024-07-13T15:45:29 IST">
  <testcase classname="test.Test_LoginScenario1" name="verifyUserCanLogin" time="3.977">
    <failure type="java.lang.AssertionError" message="Login Fail expected [true] but found [false]">
      <![CDATA[java.lang.AssertionError: Login Fail expected [true] but found [false]
at pages.LoginPage.verifyLoginwithCredentials(LoginPage.java:45)
at test.Test_LoginScenario1.verifyUserCanLogin(Test_LoginScenario1.java:55)
at java.base/java.util.ArrayList.forEach(ArrayList.java:1597)
... Removed 28 stack frames]]>
    </failure>
  </testcase> <!-- verifyUserCanLogin -->
  <testcase classname="test.Test_LoginScenario1" name="verifyUserCanLogin" time="3.16">
    <failure type="java.lang.AssertionError" message="Login Fail expected [true] but found [false]">
      <![CDATA[java.lang.AssertionError: Login Fail expected [true] but found [false]
at pages.LoginPage.verifyLoginwithCredentials(LoginPage.java:45)
at test.Test_LoginScenario1.verifyUserCanLogin(Test_LoginScenario1.java:55)
at java.base/java.util.ArrayList.forEach(ArrayList.java:1597)
... Removed 28 stack frames]]>
    </failure>
  </testcase> <!-- verifyUserCanLogin -->
  <testcase classname="test.Test_LoginScenario1" name="verifyUserCanLogin" time="3.332">
    <failure type="java.lang.AssertionError" message="Login Fail expected [true] but found [false]">
      <![CDATA[java.lang.AssertionError: Login Fail expected [true] but found [false]
at pages.LoginPage.verifyLoginwithCredentials(LoginPage.java:45)
at test.Test_LoginScenario1.verifyUserCanLogin(Test_LoginScenario1.java:55)
at java.base/java.util.ArrayList.forEach(ArrayList.java:1597)
... Removed 28 stack frames]]>
    </failure>
  </testcase> <!-- verifyUserCanLogin -->
  <testcase classname="test.Test_LoginScenario1" name="verifyUserCanLogin" time="3.057">
    <failure type="java.lang.AssertionError" message="Login Fail expected [true] but found [false]">
      <![CDATA[java.lang.AssertionError: Login Fail expected [true] but found [false]
at pages.LoginPage.verifyLoginwithCredentials(LoginPage.java:45)
at test.Test_LoginScenario1.verifyUserCanLogin(Test_LoginScenario1.java:55)
at java.base/java.util.ArrayList.forEach(ArrayList.java:1597)
... Removed 28 stack frames]]>
    </failure>
  </testcase> <!-- verifyUserCanLogin -->
  <testcase classname="test.Test_LoginScenario1" name="verifyUserCanLogin" time="3.817"/>
</testsuite> <!-- ChromeTest -->
